(67.5, 120.0)
(67.5, 120.0)
(67.5, 120.0)
(67.5, 120.0)
(94.15, 127.7)
(118.135, 134.63)
(139.7215, 140.867)
(159.14935, 146.5803)
(176.634415, 151.72226999999998)
(192.3709735, 156.35004299999997)
(206.53387615, 160.51503869999996)
(219.280488535, 164.26353482999997)
(230.7524396815, 167.63718134699997)
(241.17719571335, 170.77346321229996)
(250.559476142015, 173.59611689106995)
(259.0035285278135, 176.13650520196296)
(266.60317567503216, 178.42285468176667)
(273.34285810752897, 180.08056921359)
(279.4085722967761, 181.572512292231)
(284.86771506709846, 182.9152610630079)
(289.7809435603886, 184.12373495670712)
(294.10284920434975, 185.1113614610364)
(297.99256428391476, 186.00022531493278)
(301.4933078555233, 186.8002027834395)
(304.64397706997096, 187.52018250509553)
(307.2795793629739, 188.16816425458597)
(309.6516214266765, 188.75134782912738)
(311.78645928400886, 189.27621304621465)
(313.707813355608, 189.74859174159317)
(315.5370320200472, 190.27373256743385)
(317.18332881804247, 190.74635931069048)
(318.6649959362382, 191.17172337962143)
(319.9984963426144, 191.5545510416593)
(320.9986467083529, 191.99909593749337)
(321.8987820375176, 192.39918634374402)
(322.7089038337658, 192.75926770936962)
(323.43801345038924, 193.08334093843266)
(324.0942121053503, 193.3750068445894)
(324.7847908948153, 193.53750616013045)
(325.40631180533376, 193.6837555441174)
(325.96568062480037, 193.81537998970566)
(326.46911256232033, 193.9338419907351)
(326.9222013060883, 194.1404577916616)
(327.3299811754795, 194.32641201249544)
(327.6969830579315, 194.4937708112459)
(328.02728475213837, 194.6443937301213)
(328.42455627692453, 194.77995435710918)
(328.78210064923206, 194.90195892139826)
(329.10389058430883, 195.01176302925845)
(329.3935015258779, 195.1105867263326)
(329.55415137329015, 194.99952805369935)
(329.6987362359611, 194.89957524832943)
(329.828862612365, 194.80961772349647)
(329.94597635112854, 194.72865595114683)
(330.0513787160157, 194.65579035603216)
(330.3462408444141, 194.79021132042894)
(330.6116167599727, 194.91119018838606)
(330.8504550839755, 195.02007116954746)
(331.0654095755779, 195.11806405259273)
(331.25886861802013, 195.20625764733344)
(331.4329817562181, 195.28563188260011)
(331.58968358059633, 195.35706869434011)
(331.8307152225367, 195.5213618249061)
(332.047643700283, 195.66922564241548)
(332.2428793302547, 195.80230307817394)
(332.71859139722926, 196.12207277035654)
(333.14673225750636, 196.4098654933209)
(333.5320590317557, 196.6688789439888)
(333.7788531285801, 196.70199104958994)
(334.0009678157221, 196.73179194463094)
(334.2008710341499, 196.75861275016786)
(334.3807839307349, 196.78275147515106)
(334.8427055376614, 196.80447632763594)
(335.25843498389526, 196.82402869487234)
(335.6325914855057, 196.8416258253851)
(335.9693323369551, 196.7574632428466)
(336.2723991032596, 196.68171691856193)
(336.5451591929336, 196.61354522670575)
(336.7906432736403, 196.55219070403518)
(336.51157894627625, 196.59697163363165)
(336.2604210516486, 196.6372744702685)
(336.03437894648374, 196.67354702324164)
(335.83094105183534, 196.70619232091747)
(336.4478469466518, 196.73557308882573)
(337.0030622519866, 196.76201577994317)
(337.50275602678795, 196.78581420194885)
(337.9524804241091, 196.80723278175395)
(338.3572323816982, 196.82650950357856)
(338.7215091435284, 196.8438585532207)
(339.14935822917556, 196.75947269789864)
(339.534422406258, 196.6835254281088)
(339.8809801656322, 196.6151728852979)
(340.19288214906896, 196.55365559676812)
(340.47359393416207, 196.49829003709132)
(340.52623454074586, 196.6484610333822)
(340.5736110866713, 196.783614930044)
(341.51624997800417, 196.7052534370396)
(342.36462498020376, 196.63472809333564)
(343.12816248218337, 196.57125528400206)
(343.81534623396504, 196.51412975560186)
(344.43381161056857, 196.46271678004166)
(345.0904304495117, 196.4164451020375)
(345.68138740456055, 196.37480059183375)
(346.2132486641045, 196.33732053265038)
(346.6919237976941, 196.30358847938535)
(346.42273141792464, 196.57322963144682)
(346.1804582761322, 196.81590666830215)
(345.962412448519, 197.03431600147192)
(347.3661712036671, 197.23088440132472)
(348.6295540833004, 197.40779596119225)
(349.76659867497034, 197.56701636507302)
(347.7899388074733, 198.61031472856573)
(346.0109449267259, 199.54928325570916)
(344.40985043405334, 200.39435493013823)
(342.96886539064803, 201.15491943712442)
(341.6719788515832, 201.839427493412)
(340.2047809664249, 202.1554847440708)
(338.8843028697824, 202.43993626966372)
(337.69587258280416, 202.69594264269733)
(336.62628532452374, 202.9263483784276)
(335.6636567920714, 203.13371354058484)
(334.9972911128642, 203.42034218652634)
(334.3975620015778, 203.6783079678737)
(333.85780580142, 203.91047717108634)
(333.372025221278, 204.11942945397772)
(332.93482269915023, 204.30748650857996)
(332.5413404292352, 204.47673785772196)
(332.1872063863117, 204.62906407194976)
(331.8684857476805, 204.7661576647548)
(331.58163717291245, 204.8895418982793)
(331.3234734556212, 205.00058770845138)
(331.09112611005907, 205.10052893760624)
(330.8820134990532, 205.19047604384562)
(330.69381214914785, 205.27142843946106)
(331.42443093423304, 205.04428559551496)
(332.08198784080975, 204.83985703596346)
(332.67378905672876, 204.65587133236713)
(333.2064101510559, 204.49028419913043)
(333.6857691359503, 204.3412557792174)
(333.91719222235525, 204.50713020129564)
(334.1254730001197, 204.65641718116606)
(334.51292570010776, 204.89077546304947)
(334.861633130097, 205.1016979167445)
(335.17546981708733, 205.29152812507007)
(335.4579228353786, 205.46237531256307)
(335.71213055184074, 205.61613778130675)
(335.94091749665665, 205.75452400317607)
(336.146825746991, 205.87907160285846)
(336.3321431722919, 205.99116444257263)
(336.49892885506273, 206.09204799831537)
(336.64903596955645, 206.18284319848382)
(336.7841323726008, 206.26455887863546)
(337.40571913534075, 206.1381029907719)
(337.96514722180666, 206.0242926916947)
(338.468632499626, 205.92186342252523)
(338.9217692496634, 205.82967708027272)
(339.32959232469705, 205.74670937224545)
(338.19663309222733, 205.8720384350209)
(337.1769697830046, 205.98483459151882)
(336.3592728047041, 206.18635113236695)
(335.6233455242337, 206.36771601913026)
(334.9610109718103, 206.53094441721723)
(334.3649098746293, 206.67784997549552)
(333.8284188871664, 206.81006497794596)
(333.34557699844976, 206.92905848015135)
(332.9110192986048, 207.13615263213623)
(332.5199173687443, 207.3225373689226)
(332.1679256318699, 207.49028363203035)
(333.4511330686829, 206.94125526882732)
(334.6060197618146, 206.4471297419446)
(335.64541778563313, 206.00241676775013)
(336.58087600706983, 205.60217509097512)
(337.4227884063628, 205.2419575818776)
(338.18050956572654, 204.91776182368986)
(339.4624586091539, 204.22598564132088)
(340.61621274823847, 203.60338707718878)
(341.6545914734146, 203.04304836946991)
(342.5891323260731, 202.53874353252291)
(343.43021909346584, 202.0848691792706)
(344.18719718411927, 201.67638226134355)
(344.06847746570736, 201.70874403520918)
(343.9616297191366, 201.73786963168826)
(343.86546674722297, 201.76408266851942)
(342.67892007250066, 201.58767440166747)
(341.6110280652506, 201.42890696150073)
(339.84992525872553, 201.18601626535064)
(338.26493273285297, 200.96741463881557)
(336.83843945956767, 200.77067317493402)
(335.5545955136109, 200.59360585744062)
(334.3991359622498, 200.43424527169657)
(332.7592223660248, 200.2908207445269)
(331.28330012942234, 200.16173867007421)
(329.9549701164801, 200.04556480306678)
(328.7594731048321, 199.9410083227601)
(325.8835257943489, 199.94690749048408)
(323.295173214914, 199.95221674143568)
(320.9656558934226, 199.9569950672921)
(318.8690903040803, 199.9612955605629)
(315.8821812736723, 199.9651660045066)
(313.19396314630507, 199.96864940405595)
(310.7745668316746, 199.97178446365035)
(308.5971101485071, 199.9746060172853)
(306.6373991336564, 199.97714541555678)
(304.77365922029077, 200.0794308740011)
(303.0962932982617, 200.171487786601)
(301.5866639684355, 200.2543390079409)
(300.22799757159197, 200.3289051071468)
(299.0051978144328, 200.3960145964321)
(296.70467803298953, 200.5564131367889)
(294.63421022969055, 200.70077182311002)
(292.7707892067215, 200.830694640799)
(291.0937102860493, 200.9476251767191)
(288.6843392574444, 201.2528626590472)
(286.51590533169997, 201.52757639314248)
(284.56431479852995, 201.77481875382824)
(282.80788331867694, 201.99733687844542)
(280.32709498680924, 202.29760319060088)
(278.0943854881283, 202.5678428715408)
(276.08494693931544, 202.8110585843867)
(274.2764522453839, 203.02995272594802)
(272.6488070208455, 203.2269574533532)
(270.2839263187609, 203.3042617080179)
(268.15553368688484, 203.3738355372161)
(266.23998031819633, 203.4364519834945)
(264.5159822863767, 203.49280678514504)
(262.26438405773905, 203.94352610663054)
(260.23794565196516, 204.34917349596748)
(258.41415108676864, 204.71425614637073)
(256.77273597809176, 205.04283053173367)
(254.4954623802826, 205.5385474785603)
(252.44591614225433, 205.98469273070427)
(250.6013245280289, 206.38622345763383)
(248.941192075226, 206.74760111187044)
(246.34707286770342, 207.3728410006834)
(244.01236558093308, 207.93555690061504)
(241.91112902283976, 208.44200121055354)
(240.0200161205558, 208.8978010894982)
(238.31801450850023, 209.30802098054838)
(235.98621305765022, 209.57721888249353)
(233.8875917518852, 209.81949699424416)
(231.99883257669669, 210.03754729481975)
(229.49894931902702, 210.13379256533779)
(227.24905438712432, 210.220413308804)
(225.22414894841188, 210.2983719779236)
(222.9017340535707, 210.56853478013124)
(220.81156064821363, 210.81168130211813)
(218.93040458339226, 211.0305131719063)
(217.23736412505303, 211.22746185471567)
(215.31362771254774, 211.7047156692441)
(213.58226494129298, 212.1342441023197)
(212.0240384471637, 212.52081969208774)
(210.62163460244733, 212.86873772287896)
(209.3594711422026, 213.18186395059107)
(207.52352402798235, 213.56367755553197)
(205.8711716251841, 213.90730979997878)
(204.3840544626657, 214.2165788199809)
(203.04564901639912, 214.4949209379828)
(201.3410841147592, 214.64542884418452)
(199.80697570328329, 214.78088595976607)
(198.42627813295496, 214.90279736378946)
(197.18365031965948, 215.01251762741052)
(195.46528528769352, 215.21126586466946)
(193.91875675892416, 215.39013927820253)
(192.52688108303175, 215.55112535038228)
(191.27419297472858, 215.69601281534406)
(189.54677367725571, 215.82641153380965)
(187.99209630953015, 215.94377038042867)
(186.59288667857714, 216.0493933423858)
(185.33359801071944, 216.14445400814722)
(184.2002382096475, 216.2300086073325)
(182.58021438868275, 216.60700774659927)
(181.12219294981446, 216.94630697193935)
(179.80997365483302, 217.25167627474542)
(178.6289762893497, 217.52650864727087)
(177.56607866041475, 217.77385778254379)
(176.20947079437326, 217.99647200428942)
(174.98852371493592, 218.19682480386047)
(173.88967134344233, 218.37714232347443)
(172.5007042090981, 218.639428091127)
(171.25063378818828, 218.8754852820143)
(170.02557040936946, 219.28793675381286)
(168.92301336843252, 219.65914307843158)
(167.93071203158928, 219.99322877058842)
(166.83764082843035, 220.29390589352957)
(165.8538767455873, 220.5645153041766)
(164.96848907102859, 220.80806377375896)
(164.17164016392573, 221.02725739638305)
(163.45447614753317, 221.22453165674474)
(162.30902853277985, 220.90207849107026)
(161.27812567950187, 220.61187064196324)
(160.35031311155169, 220.35068357776692)
(160.0152818003965, 220.81561521999024)
(159.71375362035687, 221.23405369799121)
(159.44237825832118, 221.6106483281921)
(159.19814043248905, 221.94958349537288)
(158.97832638924015, 222.25462514583558)
(158.48049375031613, 222.32916263125202)
(158.0324443752845, 222.3962463681268)
(157.62919993775606, 222.45662173131413)
(157.16627994398044, 222.6109595581827)
(156.7496519495824, 222.74986360236443)
(156.37468675462415, 222.87487724212798)
(156.03721807916173, 222.98738951791518)
(155.63349627124555, 222.98865056612365)
(155.27014664412098, 222.98978550951128)
(154.94313197970888, 222.99080695856014)
(154.648818781738, 222.99172626270413)
(154.28393690356418, 222.79255363643372)
(153.95554321320776, 222.61329827279036)
(153.659988891887, 222.4519684455113)
(153.3939900026983, 222.3067716009602)
(153.15459100242848, 222.17609444086418)
(152.93913190218564, 222.05848499677776)
(152.74521871196708, 221.9526364971)
(152.57069684077038, 221.85737284739)
(152.51362715669333, 221.771635562651)
(152.462264441024, 221.6944720063859)
(152.4160379969216, 221.6250248057473)
(152.37443419722945, 221.56252232517258)
(152.5369907775065, 221.5062700926553)
(152.68329169975584, 221.4556430833898)
(152.81496252978025, 221.4100787750508)
(152.93346627680222, 221.36907089754573)
(153.040119649122, 221.33216380779115)
(153.3361076842098, 221.29894742701202)
(153.6024969157888, 221.26905268431082)
(153.84224722420993, 221.24214741587974)
(154.25802250178893, 221.01793267429176)
(154.63222025161002, 220.8161394068626)
(154.96899822644903, 220.63452546617634)
(155.37209840380413, 220.27107291955872)
(155.7348885634237, 219.94396562760284)
(156.06139970708134, 219.64956906484255)
(156.3552597363732, 219.3846121583583)
(156.8197337627359, 219.24615094252246)
(157.2377603864623, 219.1215358482702)
(157.61398434781606, 219.0093822634432)
(157.95258591303445, 218.9084440370989)
(158.35732732173102, 218.617599633389)
(158.72159458955792, 218.3558396700501)
(159.04943513060212, 218.1202557030451)
(159.3444916175419, 217.90823013274058)
(159.61004245578772, 217.71740711946651)
(160.14903821020894, 217.64566640751985)
(160.63413438918803, 217.58109976676786)
(161.07072095026922, 217.5229897900911)
(162.2636488552423, 217.87069081108197)
(163.33728396971807, 218.18362172997377)
(164.30355557274626, 218.46525955697638)
(165.17320001547165, 218.71873360127873)
(165.95588001392449, 218.54686024115085)
(166.66029201253204, 218.39217421703577)
(167.29426281127883, 218.25295679533218)
(167.86483653015094, 218.12766111579896)
(168.37835287713585, 218.01489500421906)
(168.94051758942226, 217.21340550379716)
(169.44646583048004, 216.49206495341744)
(169.90181924743203, 215.84285845807568)
(170.31163732268882, 215.25857261226813)
(171.18047359041995, 214.73271535104132)
(171.96242623137795, 214.25944381593717)
(172.66618360824015, 213.83349943434345)
(173.29956524741613, 213.4501494909091)
(174.3696087226745, 212.80513454181818)
(175.33264785040706, 212.22462108763636)
(176.19938306536636, 211.70215897887272)
(177.47944475882971, 211.03194308098546)
(178.63150028294675, 210.4287487728869)
(179.66835025465207, 209.88587389559822)
(180.60151522918687, 209.3972865060384)
(181.8413637062682, 209.05755785543457)
(182.9572273356414, 208.7518020698911)
(183.96150460207724, 208.476621862902)
(185.4653541418695, 207.92895967661178)
(186.81881872768255, 207.4360637089506)
(188.0369368549143, 206.99245733805554)
(189.13324316942288, 206.59321160425)
(190.6199188524806, 206.033890443825)
(191.95792696723254, 205.5305013994425)
(193.66213427050928, 204.47745125949825)
(195.19592084345837, 203.52970613354842)
(196.57632875911253, 202.67673552019357)
(197.8186958832013, 201.90906196817423)
(199.13682629488116, 200.8181557713568)
(200.32314366539305, 199.83634019422112)
(201.39082929885373, 198.952706174799)
(202.35174636896835, 198.1574355573191)
(203.8165717320715, 196.74169200158718)
(205.13491455886435, 195.46752280142846)
(206.32142310297792, 194.32077052128562)
(207.38928079268013, 193.28869346915707)
(208.35035271341212, 192.35982412224135)
(209.2153174420709, 191.52384171001722)
(210.7937856978638, 190.3714575390155)
(212.21440712807743, 189.33431178511395)
(213.49296641526968, 188.40088060660256)
(214.64366977374272, 187.5607925459423)
(216.47930279636844, 186.30471329134807)
(218.1313725167316, 185.17424196221327)
(219.61823526505844, 184.15681776599195)
(220.9564117385526, 183.24113598939275)
(222.76077056469734, 181.91702239045347)
(224.3846935082276, 180.7253201514081)
(225.84622415740483, 179.6527881362673)
(227.16160174166436, 178.68750932264058)
(228.34544156749791, 177.81875839037653)
(230.21089741074812, 176.83688255133887)
(231.8898076696733, 175.953194296205)
(233.40082690270597, 175.1578748665845)
(234.76074421243538, 174.44208737992605)
(237.18466979119185, 173.79787864193344)
(239.36620281207266, 173.2180907777401)
(241.3295825308654, 172.69628169996608)
(243.09662427777886, 172.22665352996947)
(245.08696185000096, 171.40398817697252)
(246.87826566500087, 170.66358935927528)
(248.4904390985008, 169.99723042334776)
(249.94139518865072, 169.39750738101299)
(251.24725566978566, 168.85775664291168)
(252.4225301028071, 168.3719809786205)
(254.28027709252638, 168.33478288075847)
(255.95224938327374, 168.3013045926826)
(257.45702444494634, 168.27117413341435)
(258.8113220004517, 168.2440567200729)
(260.0301898004065, 168.2196510480656)
(262.0271708203659, 168.39768594325903)
(263.8244537383293, 168.55791734893313)
(265.44200836449636, 168.70212561403983)
(266.8978075280467, 168.83191305263585)
(268.20802677524205, 168.94872174737228)
(269.58722409771786, 167.15384957263504)
(270.8285016879461, 165.53846461537154)
(271.94565151915145, 164.08461815383438)
(272.9510863672363, 162.77615633845096)
(274.4559777305127, 161.79854070460587)
(275.8103799574614, 160.91868663414527)
(277.02934196171526, 160.12681797073074)
(278.1264077655437, 159.41413617365765)
(279.11376698898937, 158.77272255629188)
(280.7023902900904, 158.3954503006627)
(282.1321512610814, 158.05590527059644)
(283.41893613497325, 157.7503147435368)
(284.5770425214759, 157.4752832691831)
(286.31933826932834, 157.2277549422648)
(287.8874044423955, 157.0049794480383)
(289.298663998156, 156.80448150323448)
(290.5687975983404, 156.62403335291103)
(291.81191783850636, 156.06163001761993)
(292.93072605465574, 155.55546701585794)
(293.9376534491902, 155.09992031427214)
(294.8438881042712, 154.68992828284493)
(295.6594992938441, 154.32093545456044)
(296.69354936445967, 153.7888419091044)
(297.6241944280137, 153.30995771819397)
(298.46177498521234, 152.87896194637457)
(299.8155974866911, 152.39106575173713)
(301.034037738022, 151.9519591765634)
(302.1306339642198, 151.55676325890707)
(303.1175705677978, 151.20108693301637)
(304.00581351101806, 150.88097823971472)
(304.8052321599163, 150.59288041574325)
(305.62470894392465, 150.43359237416894)
(306.36223804953215, 150.29023313675205)
(307.02601424457896, 150.16120982307683)
(308.02341282012105, 150.44508884076916)
(308.92107153810895, 150.70057995669225)
(309.728964384298, 150.93052196102303)
(310.4560679458682, 151.13746976492072)
(311.11046115128136, 151.32372278842865)
(311.89941503615324, 151.79135050958578)
(312.6094735325379, 152.2122154586272)
(313.5485261792841, 152.7909939127645)
(314.39367356135574, 153.31189452148806)
(315.15430620522017, 153.78070506933926)
(315.83887558469814, 154.20263456240534)
(316.65498802622835, 154.9823711061648)
(317.3894892236055, 155.68413399554834)
(318.05054030124495, 156.3157205959935)
(318.64548627112043, 156.88414853639415)
(319.2809376440084, 157.49573368275475)
(319.8528438796076, 158.04616031447927)
(320.36755949164683, 158.54154428303133)
(320.83080354248216, 158.9873898547282)
(321.2477231882339, 159.3886508692554)
(321.92295086941056, 160.24978578232987)
(322.5306557824695, 161.02480720409687)
(323.17759020422255, 161.9223264836872)
(323.7598311838003, 162.73009383531846)
(324.2838480654203, 163.4570844517866)
(324.75546325887825, 164.11137600660794)
(325.27991693299043, 165.00023840594716)
(325.7519252396914, 165.80021456535243)
(326.17673271572227, 166.52019310881718)
(326.55905944415, 167.16817379793545)
(326.903153499735, 167.7513564181419)
(327.51283814976154, 168.97622077632772)
(328.0615543347854, 170.07859869869495)
(328.55539890130683, 171.07073882882545)
(328.99985901117617, 171.96366494594292)
(329.5998731100585, 173.36729845134863)
(330.13988579905265, 174.63056860621376)
(330.62589721914736, 175.76751174559237)
(331.06330749723264, 176.79076057103313)
(331.4569767475094, 177.7116845139298)
(331.81127907275845, 178.54051606253682)
(332.3301511654826, 179.88646445628314)
(332.79713604893436, 181.09781801065483)
(333.21742244404095, 182.18803620958934)
(333.7956801996369, 183.8692325886304)
(334.3161121796732, 185.38230932976737)
(334.7845009617059, 186.74407839679063)
(335.2060508655353, 187.96967055711156)
(335.6854457789818, 189.2727035014004)
(336.1169012010836, 190.44543315126037)
(336.50521108097524, 191.50088983613435)
(336.85468997287774, 192.4508008525209)
(337.16922097558995, 193.3057207672688)
(337.95229887803094, 194.77514869054193)
(338.65706899022786, 196.09763382148773)
(339.2913620912051, 197.28787043933897)
(339.8622258820846, 198.35908339540507)
(340.27600329387616, 199.22317505586454)
(340.6484029644885, 200.00085755027808)
(340.98356266803967, 200.70077179525026)
(341.2852064012357, 201.33069461572524)
(341.55668576111213, 201.8976251541527)
(341.80101718500094, 202.40786263873744)
(342.22091546650086, 203.0670763748637)
(342.59882391985076, 203.66036873737733)
(342.93894152786567, 204.1943318636396)
(343.2450473750791, 204.67489867727565)
(343.8205426375712, 205.4074088095481)
(344.3384883738141, 206.0666679285933)
(344.80463953643266, 206.66000113573395)
(345.22417558278937, 207.19400102216056)
(345.7017580245104, 207.6746009199445)
(346.13158222205936, 208.10714082795005)
(346.51842399985344, 208.49642674515505)
(346.8665815998681, 208.84678407063956)
(347.07992343988127, 209.1621056635756)
(347.27193109589314, 209.44589509721806)
(347.44473798630383, 209.70130558749625)
(347.6002641876735, 209.93117502874662)
(347.7402377689061, 210.13805752587197)
(347.8662139920155, 210.32425177328477)
(347.97959259281396, 210.4918265959563)
(348.0816333335326, 210.64264393636066)
(348.17347000017935, 210.7783795427246)
(348.25612300016144, 210.90054158845214)
(348.7305107001453, 211.21048742960693)
(349.1574596301308, 211.48943868664622)
(349.54171366711773, 211.7404948179816)
(349.887542300406, 211.96644533618345)
(350.0987880703654, 211.96980080256512)
(350.28890926332883, 211.9728207223086)
(350.460018336996, 211.97553865007774)
(350.8140165032964, 212.07798478506996)
(351.13261485296675, 212.17018630656295)
(351.41935336767006, 212.25316767590667)
(351.677418030903, 212.327850908316)
(351.9096762278127, 212.3950658174844)
(352.11870860503143, 212.45555923573596)
(352.3068377445283, 212.51000331216235)
(352.4761539700755, 212.5590029809461)
(352.62853857306794, 212.6031026828515)
(352.76568471576115, 212.64279241456634)
(352.489116244185, 212.2785131731097)
(352.24020461976653, 211.95066185579873)
(352.0161841577899, 211.65559567021884)
(351.8145657420109, 211.39003610319696)
(351.63310916780983, 211.25103249287727)
(351.46979825102886, 211.12592924358955)
(351.32281842592596, 211.0133363192306)
(351.19053658333337, 210.91200268730753)
(351.07148292500005, 210.8208024185768)
(350.56433463250005, 210.53872217671912)
(350.10790116925006, 210.28484995904722)
(349.69711105232506, 210.0563649631425)
(349.32739994709254, 209.85072846682826)
(348.59465995238327, 209.86565562014545)
(347.9351939571449, 209.8790900581309)
(347.3416745614304, 209.89118105231782)
(346.7075071052874, 209.80206294708603)
(346.13675639475866, 209.72185665237743)
(345.6230807552828, 209.64967098713967)
(345.16077267975453, 209.5847038884257)
(344.74469541177905, 209.52623349958313)
(343.47022587060115, 209.47361014962482)
(342.32320328354103, 209.42624913466233)
(341.29088295518693, 209.3836242211961)
(340.4617946596682, 209.2452617990765)
(339.7156151937014, 209.12073561916884)
(338.44405367433126, 208.70866205725196)
(337.2996483068981, 208.33779585152675)
(336.2696834762083, 208.00401626637407)
(335.34271512858743, 207.70361463973666)
(334.5084436157287, 207.43325317576299)
(333.55759925415583, 207.18992785818668)
(332.7018393287402, 206.970935072368)
(331.9316553958662, 206.7738415651312)
(331.23848985627956, 206.59645740861808)
(330.6146408706516, 206.43681166775627)
(329.25317678358647, 206.19313050098066)
(328.02785910522783, 205.9738174508826)
(326.9250731947051, 205.77643570579434)
(325.93256587523456, 205.59879213521492)
(325.0393092877111, 205.43891292169343)
(323.33537835894, 205.2950216295241)
(321.801840523046, 205.16551946657168)
(319.6216564707414, 205.14896751991452)
(317.6594908236673, 205.13407076792308)
(315.89354174130057, 205.12066369113077)
(314.3041875671705, 205.1085973220177)
(312.87376881045344, 205.09773758981592)
(311.5863919294081, 205.08796383083433)
(309.92775273646726, 204.97916744775088)
(308.43497746282054, 204.8812507029758)
(307.0914797165385, 204.7931256326782)
(305.18233174488466, 204.61381306941038)
(303.4640985703962, 204.45243176246936)
(301.91768871335654, 204.30718858622242)
(299.6259198420209, 204.07646972760017)
(297.5633278578188, 203.86882275484015)
(295.70699507203693, 203.68194047935614)
(294.03629556483327, 203.51374643142054)
(292.53266600834996, 203.3623717882785)
(290.67939940751495, 203.32613460945063)
(289.0114594667634, 203.29352114850556)
(287.5103135200871, 203.264169033655)
(285.4592821680784, 203.33775213028952)
(283.61335395127054, 203.40397691726056)
(281.95201855614346, 203.46357922553452)
(280.4568167005291, 203.51722130298106)
(279.1111350304762, 203.56549917268296)
(277.30002152742856, 203.80894925541466)
(275.6700193746857, 204.02805432987319)
(273.60301743721715, 204.02524889688587)
(271.7427156934954, 204.02272400719727)
(270.0684441241459, 204.02045160647754)
(268.56159971173133, 204.01840644582978)
(266.9054397405582, 204.21656580124682)
(265.4148957665024, 204.39490922112213)
(264.07340618985216, 204.55541829900992)
(262.26606557086694, 204.69987646910891)
(260.63945901378025, 204.82988882219803)
(259.1755131124022, 204.94689993997824)
(257.857961801162, 205.05220994598042)
(256.1721656210458, 205.24698895138238)
(254.6549490589412, 205.42229005624415)
(253.2894541530471, 205.58006105061975)
(252.0605087377424, 205.72205494555777)
(250.95445786396814, 205.849849451002)
(249.25901207757133, 205.8648645059018)
(247.7331108698142, 205.87837805531163)
(246.35979978283277, 205.89054024978046)
(245.1238198045495, 205.9014862248024)
(244.01143782409454, 205.91133760232216)
(242.01029404168509, 206.12020384208995)
(240.20926463751658, 206.30818345788094)
(238.58833817376492, 206.47736511209285)
(237.12950435638842, 206.62962860088356)
(235.81655392074958, 206.76666574079522)
(234.63489852867463, 206.8899991667157)
(233.57140867580716, 207.00099925004415)
(231.91426780822644, 207.30089932503972)
(230.4228410274038, 207.57080939253575)
(229.08055692466343, 207.81372845328218)
(227.8725012321971, 208.03235560795397)
(225.9852511089774, 208.22912004715857)
(224.28672599807965, 208.40620804244273)
(222.75805339827167, 208.56558723819845)
(221.3822480584445, 208.7090285143786)
(219.54402325260006, 208.93812566294073)
(217.88962092734005, 209.14431309664667)
(216.40065883460605, 209.329881786982)
(215.06059295114545, 209.4968936082838)
(213.8545336560309, 209.64720424745542)
(212.3690802904278, 209.88248382270987)
(211.03217226138503, 210.0942354404389)
(209.82895503524654, 210.284811896395)
(208.3460595317219, 210.55633070675552)
(207.0114535785497, 210.80069763607997)
(205.8103082206947, 211.02062787247198)
(204.72927739862524, 211.21856508522478)
(203.75634965876273, 211.3967085767023)
(202.48071469288647, 211.65703771903208)
(201.3326432235978, 211.89133394712886)
(199.79937890123804, 212.10220055241598)
(198.41944101111423, 212.2919804971744)
(197.17749691000282, 212.46278244745696)
(196.05974721900253, 212.61650420271127)
(194.7537724971023, 212.65485378244014)
(193.57839524739205, 212.68936840419613)
(192.52055572265286, 212.72043156377651)
(191.56850015038756, 212.74838840739886)
(190.4116501353488, 213.07354956665898)
(189.3704851218139, 213.36619460999307)
(188.4334366096325, 213.62957514899375)
(187.59009294866925, 213.86661763409438)
(186.63108365380234, 214.37995587068494)
(185.7679752884221, 214.84196028361646)
(184.9911777595799, 215.2577642552548)
(184.2920599836219, 215.63198782972933)
(183.66285398525972, 215.9687890467564)
(182.69656858673375, 216.37191014208076)
(181.82691172806037, 216.7347191278727)
(181.04422055525433, 217.06124721508542)
(180.3397984997289, 217.35512249357689)
(179.405818649756, 217.5196102442192)
(178.56523678478038, 217.66764921979728)
(177.80871310630235, 217.80088429781756)
(177.2278417956721, 218.1207958680358)
(176.7050576161049, 218.40871628123222)
(176.2345518544944, 218.667844653109)
(175.81109666904496, 218.9010601877981)
(175.12998700214047, 219.2109541690183)
(174.51698830192643, 219.48985875211648)
(173.9652894717338, 219.74087287690483)
(173.46876052456042, 219.96678558921434)
(172.7218844721044, 220.07010703029292)
(172.04969602489396, 220.16309632726362)
(171.44472642240456, 220.24678669453726)
(170.9002537801641, 220.32210802508354)
(170.41022840214768, 220.38989722257517)
(169.86920556193292, 220.35090750031765)
(169.38228500573962, 220.31581675028588)
(168.94405650516566, 220.2842350752573)
(168.4496508546491, 220.05581156773158)
(168.0046857691842, 219.85023041095843)
(167.60421719226576, 219.6652073698626)
(167.2437954730392, 219.49868663287634)
(166.91941592573528, 219.3488179695887)
(166.92747433316174, 219.21393617262984)
(166.93472689984557, 219.09254255536686)
(166.94125420986103, 218.98328829983018)
(166.94712878887492, 218.88495946984716)
(167.35241590998743, 218.89646352286243)
(167.7171743189887, 218.90681717057618)
(168.0454568870898, 218.91613545351856)
(168.84091119838084, 218.8245219081667)
(169.55682007854276, 218.74206971735003)
(170.20113807068847, 218.66786274561503)
(170.78102426361963, 218.60107647105352)
(171.50292183725767, 218.64096882394816)
(172.1526296535319, 218.67687194155334)
(172.73736668817872, 218.709184747398)
(173.26363001936085, 218.73826627265822)
(173.73726701742476, 218.7644396453924)
(174.7635403156823, 218.68799568085316)
(175.68718628411406, 218.61919611276784)
(176.51846765570266, 218.55727650149106)
(177.2666208901324, 218.50154885134197)
(178.43995880111916, 218.25139396620776)
(179.49596292100725, 218.02625456958697)
(180.44636662890653, 217.82362911262828)
(181.30172996601587, 217.64126620136545)
(182.07155696941427, 217.4771395812289)
(183.56440127247285, 217.02942562310602)
(184.90796114522556, 216.6264830607954)
(186.117165030703, 216.26383475471587)
(187.2054485276327, 215.93745127924427)
(188.18490367486945, 215.64370615131983)
(190.0664133073825, 215.37933553618785)
(191.75977197664426, 215.14140198256908)
(193.28379477897982, 214.92726178431218)
(194.65541530108183, 214.73453560588095)
(196.48987377097365, 214.46108204529287)
(198.1408863938763, 214.21497384076358)
(199.62679775448865, 213.99347645668723)
(200.96411797903977, 213.7941288110185)
(203.1677061811358, 213.71471592991665)
(205.15093556302222, 213.643244336925)
(206.93584200672, 213.5789199032325)
(209.742257806048, 213.02102791290926)
(212.2680320254432, 212.51892512161834)
(214.5412288228989, 212.0670326094565)
(216.987105940609, 211.66032934851086)
(219.1883953465481, 211.29429641365977)
(221.1695558118933, 210.9648667722938)
(222.95260023070398, 210.6683800950644)
(224.5573402076336, 210.40154208555796)
(226.00160618687022, 210.16138787700217)
(227.3014455681832, 209.94524908930197)
(229.27130101136487, 209.55072418037176)
(231.0441709102284, 209.1956517623346)
(233.53975381920554, 208.87608658610114)
(235.785778437285, 208.58847792749103)
(237.8072005935565, 208.32963013474193)
(239.62648053420085, 208.09666712126773)
(241.26383248078076, 207.88700040914097)
(242.7374492327027, 207.69830036822688)
(245.16370430943243, 207.6284703314042)
(247.3473338784892, 207.56562329826377)
(249.31260049064028, 207.50906096843738)
(251.08134044157626, 207.45815487159365)
(252.67320639741862, 207.4123393844343)
(254.90588575767677, 207.27110544599086)
(256.91529718190907, 207.14399490139178)
(258.72376746371816, 207.02959541125261)
(260.35139071734636, 206.92663587012734)
(262.8162516456117, 206.7339722831146)
(265.03462648105057, 206.56057505480314)
(267.0311638329455, 206.40451754932283)
(269.72804744965094, 206.26406579439055)
(272.15524270468586, 206.1376592149515)
(274.3397184342173, 206.02389329345635)
(276.30574659079554, 205.9215039641107)
(278.075171931716, 205.82935356769963)
(280.6676547385444, 205.64641821092965)
(283.00088926468993, 205.48177638983668)
(285.10080033822095, 205.333598750853)
(286.99072030439885, 205.20023887576772)
(288.69164827395895, 205.08021498819096)
(291.32248344656307, 204.97219348937188)
(293.69023510190675, 204.8749741404347)
(296.7212115917161, 204.68747672639122)
(299.4490904325445, 204.5187290537521)
(301.90418138929004, 204.3668561483769)
(304.11376325036105, 204.23017053353922)
(306.90238692532495, 204.4071534801853)
(309.41214823279245, 204.56643813216675)
(311.6709334095132, 204.7097943189501)
(313.70384006856193, 204.8388148870551)
(315.53345606170575, 204.9549333983496)
(317.88011045553515, 205.05944005851464)
(319.9920994099816, 205.15349605266317)
(321.89288946898347, 205.23814644739684)
(323.6036005220851, 205.31433180265716)
(325.3432404698766, 205.38289862239145)
(326.9089164228889, 205.4446087601523)
(328.3180247806, 205.50014788413708)
(329.58622230254, 205.55013309572337)
(331.927600072286, 205.59511978615103)
(334.0348400650574, 205.63560780753593)
(335.9313560585516, 205.67204702678234)
(337.63822045269643, 205.7048423241041)
(339.4743984074268, 205.5343580916937)
(341.12695856668415, 205.38092228252432)
(342.61426271001574, 205.2428300542719)
(343.95283643901416, 205.1185470488447)
(345.45755279511275, 205.30669234396024)
(346.8117975156015, 205.4760231095642)
(348.0306177640413, 205.62842079860778)
(349.1275559876372, 205.765578718747)
(350.1148003888735, 205.8890208468723)
(351.20332034998614, 205.50011876218508)
(352.18298831498754, 205.15010688596658)
(353.0646894834888, 204.83509619736992)
(353.85822053513994, 204.55158657763292)
(354.57239848162595, 204.29642791986961)
(355.2151586334634, 204.06678512788267)
(355.79364277011706, 203.8601066150944)
(356.31427849310535, 203.67409595358495)
(356.7828506437948, 203.50668635822646)
(357.2045655794153, 204.05601772240382)
(357.5841090214738, 204.55041595016343)
(357.9256981193264, 204.99537435514708)
(358.23312830739377, 205.39583691963236)
(358.2098154766544, 205.95625322766912)
(358.18883392898897, 206.4606279049022)
(358.1699505360901, 206.91456511441197)
(358.15295548248105, 207.32310860297076)
(358.13765993423294, 207.69079774267368)
(358.3238939408096, 208.82171796840632)
(358.49150454672866, 209.8395461715657)
(358.6423540920558, 210.75559155440914)
(358.7781186828502, 211.58003239896823)
(358.2003068145652, 212.4220291590714)
(357.6802761331087, 213.17982624316426)
(356.9122485197978, 213.86184361884784)
(356.22102366781803, 214.47565925696307)
(355.5989213010362, 215.02809333126677)
(354.7390291709326, 215.4252839981401)
(353.96512625383934, 215.78275559832608)
(353.2686136284554, 216.10448003849348)
(352.64175226560985, 216.39403203464414)
(352.0775770390489, 216.65462883117974)
(351.569819335144, 216.88916594806176)
(350.91283740162964, 217.00024935325558)
(350.3215536614667, 217.10022441793004)
(349.78939829532, 217.19020197613702)
(349.310458465788, 217.27118177852333)
(348.57941261920917, 217.344063600671)
(347.9214713572882, 217.4096572406039)
(347.32932422155943, 217.46869151654352)
(346.79639179940347, 217.52182236488918)
(346.1167526194631, 217.76964012840025)
(345.5050773575168, 217.99267611556024)
(344.95456962176513, 218.19340850400422)
(344.45911265958864, 218.3740676536038)
(344.0132013936298, 218.5366608882434)
(343.2118812542668, 218.48299479941906)
(342.4906931288401, 218.43469531947716)
(341.74162381595613, 218.39122578752944)
(341.0674614343605, 218.3521032087765)
(340.46071529092444, 218.31689288789886)
(339.714643761832, 218.28520359910897)
(339.0431793856488, 218.25668323919808)
(338.4388614470839, 218.23101491527828)
(337.89497530237554, 218.20791342375045)
(337.405477772138, 218.1871220813754)
(336.7649299949242, 218.16840987323786)
(336.1884369954318, 218.1515688859141)
(335.6695932958886, 218.13641199732268)
(335.20263396629974, 218.12277079759042)
(334.58237056966976, 217.91049371783137)
(334.0241335127028, 217.71944434604825)
(333.52172016143254, 217.54749991144342)
(332.8695481452893, 217.49274992029908)
(332.28259333076033, 217.44347492826915)
(331.7543339976843, 217.39912743544224)
(331.2789005979159, 217.35921469189802)
(330.6510105381243, 217.1232932227082)
(330.08590948431186, 216.9109639004374)
(329.5773185358807, 216.71986751039367)
(329.1195866822926, 216.5478807593543)
(328.50762801406336, 216.19309268341888)
(327.956865212657, 215.87378341507699)
(327.4611786913913, 215.5864050735693)
(327.01506082225217, 215.32776456621235)
(326.6135547400269, 215.09498810959113)
(326.25219926602426, 214.585489298632)
(325.92697933942185, 214.1269403687688)
(325.63428140547967, 213.71424633189193)
(324.5708532649317, 213.24282169870273)
(323.6137679384385, 212.81853952883245)
(322.75239114459464, 212.4366855759492)
(321.9771520301352, 212.0930170183543)
(321.2794368271217, 211.78371531651885)
(321.45149314440954, 211.50534378486697)
(321.6063438299686, 211.25480940638028)
(321.7457094469717, 211.02932846574225)
(321.87113850227456, 210.82639561916804)
(321.9840246520471, 210.64375605725124)
(322.0856221868424, 210.27938045152612)
(322.1770599681581, 209.9514424063735)
(322.2593539713423, 209.65629816573616)
(322.33341857420805, 209.39066834916255)
(322.4000767167872, 209.1516015142463)
(322.4600690451085, 209.13644136282167)
(322.5140621405977, 209.1227972265395)
(322.5626559265379, 209.11051750388555)
(322.6063903338841, 209.099465753497)
(322.6457513004957, 209.0895191781473)
(322.6811761704461, 209.08056726033257)
(322.6130585534015, 208.97251053429932)
(322.55175269806136, 208.87525948086937)
(322.49657742825525, 208.78773353278243)
(322.2469196854297, 208.60896017950418)
(322.02222771688673, 208.44806416155376)
(321.82000494519804, 208.30325774539838)
(321.63800445067824, 208.17293197085854)
(321.47420400561043, 208.0556387737727)
(321.3267836050494, 207.95007489639542)
(321.19410524454446, 207.8550674067559)
(321.07469472009, 207.7695606660803)
(320.867225248081, 207.69260459947228)
(320.6805027232729, 207.62334413952505)
(320.5124524509456, 207.56100972557255)
(320.36120720585103, 207.5049087530153)
(319.4250864852659, 207.55441787771375)
(318.58257783673935, 207.59897608994237)
(317.82432005306543, 207.63907848094814)
(317.14188804775887, 207.67517063285334)
(317.22769924298296, 207.807653569568)
(317.3049293186847, 207.9268882126112)
(317.3744363868162, 208.03419939135009)
(317.4369927481346, 208.13077945221508)
(317.5932934733212, 208.11770150699357)
(317.7339641259891, 208.1059313562942)
(317.8605677133902, 207.8953382206648)
(317.97451094205115, 207.70580439859833)
(318.07705984784604, 207.5352239587385)
(318.1693538630614, 207.38170156286463)
(318.2524184767553, 207.24353140657817)
(318.22717662907974, 207.01917826592035)
(318.2044589661718, 206.81726043932832)
(318.1840130695546, 206.6355343953955)
(318.16561176259916, 206.47198095585594)
(318.14905058633923, 206.32478286027035)
(318.0341455277053, 206.1923045742433)
(317.93073097493476, 206.073074116819)
(317.8376578774413, 205.9657667051371)
(317.75389208969716, 205.8691900346234)
(317.6785028807274, 205.78227103116106)
(316.7106525926547, 205.70404392804494)
(315.8395873333892, 205.63363953524043)
(315.0556286000503, 205.5702755817164)
(314.35006574004524, 205.51324802354475)
(314.3150591660407, 205.46192322119026)
(314.28355324943664, 205.41573089907124)
(313.75519792449296, 204.8741578091641)
(313.27967813204367, 204.38674202824768)
(312.8517103188393, 203.94806782542292)
(312.46653928695537, 203.55326104288062)
(312.01988535825984, 203.09793493859257)
(311.61789682243386, 202.6881414447333)
(311.25610714019047, 202.31932730025997)
(311.1304964261714, 201.98739457023396)
(311.0174467835543, 201.68865511321056)
(310.9157021051989, 201.4197896018895)
(310.824131894679, 201.17781064170055)
(310.7417187052111, 200.9600295775305)
(310.66754683469, 200.66402661977745)
(310.60079215122096, 200.3976239577997)
(310.5407129360989, 200.15786156201975)
(310.586641642489, 200.14207540581776)
(310.6279774782401, 200.127867865236)
(310.66517973041607, 200.1150810787124)
(310.69866175737445, 200.10357297084116)
(310.72879558163703, 200.09321567375704)
(310.25591602347333, 200.28389410638135)
(309.830324421126, 200.45550469574323)
(309.9472919790134, 200.4099542261689)
(310.0525627811121, 200.368958803552)
(310.1473065030009, 200.33206292319682)
(310.2325758527008, 200.29885663087714)
(310.30931826743074, 200.16897096778942)
(310.3783864406877, 200.05207387101046)
(310.4405477966189, 199.94686648390942)
(310.296493016957, 199.75217983551846)
(310.16684371526134, 199.57696185196662)
(310.05015934373523, 199.41926566676995)
(309.9451434093617, 199.27733910009295)
(309.8506290684255, 199.14960519008366)
(309.16556616158294, 199.2346446710753)
(308.54900954542467, 199.31118020396778)
(307.9941085908822, 199.380062183571)
(307.794697731794, 199.5420559652139)
(307.6152279586146, 199.68785036869252)
(307.4537051627531, 199.91906533182328)
(307.3083346464778, 200.12715879864095)
(307.17750118183005, 200.31444291877685)
(306.55975106364707, 200.48299862689916)
(306.00377595728236, 200.63469876420925)
(305.5033983615541, 200.7712288877883)
(305.0530585253987, 200.89410599900947)
(304.6477526728588, 201.00469539910853)
(304.2829774055729, 201.10422585919767)
(303.8546796650156, 201.2938032732779)
(303.4692116985141, 201.4644229459501)
(303.1222905286627, 201.61798065135508)
(302.81006147579643, 201.75618258621958)
(302.52905532821677, 201.88056432759763)
(302.2761497953951, 201.99250789483787)
(302.6485348158556, 201.89325710535408)
(302.98368133427005, 201.80393139481868)
(303.28531320084306, 201.72353825533682)
(303.55678188075876, 201.65118442980315)
(303.8011036926829, 201.58606598682283)
(304.0209933234146, 201.52745938814056)
(304.2188939910731, 201.9747134493265)
(304.3970045919658, 202.37724210439384)
(304.5573041327692, 202.73951789395446)
(304.7015737194923, 203.06556610455903)
(304.83141634754304, 203.35900949410313)
(304.94827471278876, 203.62310854469283)
(305.15344724150987, 203.76079769022354)
(305.3381025173589, 203.88471792120117)
(305.504292265623, 203.99624612908104)
(305.6538630390607, 204.09662151617295)
(305.6884767351546, 204.18695936455566)
(305.7196290616391, 204.26826342810008)
(305.7476661554752, 204.34143708529007)
(305.77289953992766, 204.40729337676106)
(306.0956095859349, 204.76656403908495)
(306.3860486273414, 205.08990763517647)
(306.64744376460726, 205.38091687165883)
(306.88269938814653, 205.64282518449295)
(307.29442944933186, 205.87854266604364)
(307.66498650439866, 206.09068839943927)
(307.9984878539588, 206.28161955949534)
(308.2986390685629, 206.45345760354581)
(307.9687751617066, 206.50811184319124)
(307.671897645536, 206.55730065887212)
(307.40470788098236, 206.6015705929849)
(307.16423709288415, 206.6414135336864)
(307.44781338359576, 206.57727218031778)
(307.70303204523617, 206.519544962286)
(307.93272884071257, 206.4675904660574)
(308.1394559566413, 206.42083141945167)
(308.0255103609772, 206.3787482775065)
(307.92295932487946, 206.34087344975586)
(307.8306633923915, 206.3067861047803)
(307.74759705315233, 206.27610749430227)
(306.97283734783707, 206.04849674487204)
(306.2755536130534, 205.84364707038483)
(305.64799825174805, 205.65928236334634)
(305.08319842657323, 205.4933541270117)
(305.2748785839159, 205.44401871431054)
(305.4473907255243, 205.39961684287948)
(305.6026516529719, 205.35965515859152)
(305.7423864876747, 205.32368964273238)
(305.66814783890726, 205.29132067845913)
(305.60133305501654, 205.2621886106132)
(305.5411997495149, 205.23596974955188)
(305.48707977456337, 205.2123727745967)
(305.338371797107, 204.89113549713704)
(305.2045346173963, 204.60202194742334)
(305.0840811556567, 204.341819752681)
(304.975673040091, 204.1076377774129)
(304.8781057360819, 203.8968739996716)
(304.79029516247374, 203.70718659970444)
(305.0112656462264, 203.73646793973398)
(305.21013908160376, 203.7628211457606)
(305.3891251734434, 203.78653903118453)
(305.25021265609905, 203.8078851280661)
(305.12519139048914, 203.82709661525948)
(305.0126722514402, 203.84438695373353)
(304.9114050262962, 203.8599482583602)
(304.8202645236666, 203.87395343252416)
(304.7382380712999, 203.88655808927174)
(304.6644142641699, 203.89790228034457)
(304.39797283775295, 203.90811205231012)
(304.1581755539776, 203.9173008470791)
(303.94235799857984, 203.9255707623712)
(303.74812219872183, 203.93301368613407)
(303.67330997884966, 203.83971231752068)
(303.60597898096466, 203.75574108576862)
(303.5453810828682, 203.68016697719176)
(303.59084297458134, 203.71215027947258)
(303.63175867712323, 203.74093525152531)
(303.6685828094109, 203.76684172637277)
(303.7017245284698, 203.7901575537355)
(303.73155207562286, 203.81114179836194)
(303.7583968680606, 203.83002761852575)
(303.9825571812545, 203.94702485667318)
(304.18430146312903, 204.05232237100586)
(304.36587131681614, 204.14709013390527)
(304.52928418513454, 204.23238112051473)
(304.6763557666211, 204.30914300846325)
(304.70872018995897, 204.47822870761692)
(304.73784817096305, 204.63040583685523)
(304.76406335386673, 204.76736525316971)
(304.78765701848005, 204.89062872785274)
(304.80889131663207, 204.90156585506747)
(304.82800218496885, 204.91140926956072)
(304.84520196647196, 204.92026834260466)
(304.96068176982476, 204.9282415083442)
(305.0646135928423, 204.93541735750978)
(305.1581522335581, 204.9418756217588)
(305.2423370102023, 204.94768805958293)
(305.51810330918204, 204.95291925362463)
(305.76629297826383, 204.95762732826216)
(305.98966368043745, 204.96186459543594)
(306.1906973123937, 204.96567813589235)
(306.3716275811543, 205.1691103223031)
(306.5344648230389, 205.3521992900728)
(306.681018340735, 205.51697936106552)
(306.8129165066615, 205.66528142495898)
(306.9316248559954, 205.79875328246308)
(307.03846237039585, 205.71887795421677)
(307.13461613335625, 205.6469901587951)
(307.3211545200206, 205.58229114291558)
(307.48903906801854, 205.52406202862403)
(307.6401351612167, 205.47165582576162)
(307.77612164509503, 205.42449024318546)
(307.8985094805855, 205.3820412188669)
(308.00865853252697, 205.44383709698022)
(308.10779267927427, 205.4994533872822)
(308.19701341134686, 205.54950804855397)
(308.2773120702122, 205.59455724369857)
(308.34958086319097, 205.53510151932872)
(308.41462277687185, 205.48159136739585)
(308.47316049918464, 205.43343223065625)
(308.5258444492662, 205.39008900759063)
(308.57326000433955, 205.25108010683158)
(308.6159340039056, 205.12597209614842)
(308.65434060351504, 205.01337488653357)
(308.6889065431635, 204.91203739788023)
(308.62001588884715, 205.02083365809222)
(308.55801429996245, 205.11875029228298)
(308.50221286996623, 205.20687526305468)
(308.65199158296963, 205.3861877367492)
(308.7867924246727, 205.5475689630743)
(308.9081131822054, 205.69281206676686)
(309.01730186398487, 205.8235308600902)
(309.1155716775864, 205.94117777408115)
